Using pre-set license
Built from '2021.3/staging' branch; Version is '2021.3.6f1 (7da38d85baf6) revision 8233869'; Using compiler version '192829333'; Build Type 'Release'
OS: 'Windows 10  (10.0.19045) 64bit Professional' Language: 'ru' Physical Memory: 8153 MB
BatchMode: 1, IsHumanControllingUs: 0, StartBugReporterOnCrash: 0, Is64bit: 1, IsPro: 1

COMMAND LINE ARGUMENTS:
C:\Program Files\Unity\Hub\Editor\2021.3.6f1\Editor\Unity.exe
-adb2
-batchMode
-noUpm
-name
AssetImportWorker0
-projectPath
G:/Universe in SQL
-logFile
Logs/AssetImportWorker0.log
-srvPort
50564
Successfully changed project path to: G:/Universe in SQL
G:/Universe in SQL
[UnityMemory] Configuration Parameters - Can be set up in boot.config
    "memorysetup-bucket-allocator-granularity=16"
    "memorysetup-bucket-allocator-bucket-count=8"
    "memorysetup-bucket-allocator-block-size=33554432"
    "memorysetup-bucket-allocator-block-count=8"
    "memorysetup-main-allocator-block-size=16777216"
    "memorysetup-thread-allocator-block-size=16777216"
    "memorysetup-gfx-main-allocator-block-size=16777216"
    "memorysetup-gfx-thread-allocator-block-size=16777216"
    "memorysetup-cache-allocator-block-size=4194304"
    "memorysetup-typetree-allocator-block-size=2097152"
    "memorysetup-profiler-bucket-allocator-granularity=16"
    "memorysetup-profiler-bucket-allocator-bucket-count=8"
    "memorysetup-profiler-bucket-allocator-block-size=33554432"
    "memorysetup-profiler-bucket-allocator-block-count=8"
    "memorysetup-profiler-allocator-block-size=16777216"
    "memorysetup-profiler-editor-allocator-block-size=1048576"
    "memorysetup-temp-allocator-size-main=16777216"
    "memorysetup-job-temp-allocator-block-size=2097152"
    "memorysetup-job-temp-allocator-block-size-background=1048576"
    "memorysetup-job-temp-allocator-reduction-small-platforms=262144"
    "memorysetup-temp-allocator-size-background-worker=32768"
    "memorysetup-temp-allocator-size-job-worker=262144"
    "memorysetup-temp-allocator-size-preload-manager=33554432"
    "memorysetup-temp-allocator-size-nav-mesh-worker=65536"
    "memorysetup-temp-allocator-size-audio-worker=65536"
    "memorysetup-temp-allocator-size-cloud-worker=32768"
    "memorysetup-temp-allocator-size-gi-baking-worker=262144"
    "memorysetup-temp-allocator-size-gfx=262144"
Refreshing native plugins compatible for Editor in 132.95 ms, found 3 plugins.
Preloading 0 native plugins for Editor in 0.00 ms.
Initialize engine version: 2021.3.6f1 (7da38d85baf6)
[Subsystems] Discovering subsystems at path C:/Program Files/Unity/Hub/Editor/2021.3.6f1/Editor/Data/Resources/UnitySubsystems
[Subsystems] Discovering subsystems at path G:/Universe in SQL/Assets
GfxDevice: creating device client; threaded=0; jobified=0
Direct3D:
    Version:  Direct3D 11.0 [level 11.1]
    Renderer: Radeon RX 570 Series (ID=0x67df)
    Vendor:   ATI
    VRAM:     4074 MB
    Driver:   31.0.12027.7000
Initialize mono
Mono path[0] = 'C:/Program Files/Unity/Hub/Editor/2021.3.6f1/Editor/Data/Managed'
Mono path[1] = 'C:/Program Files/Unity/Hub/Editor/2021.3.6f1/Editor/Data/MonoBleedingEdge/lib/mono/unityjit-win32'
Mono config path = 'C:/Program Files/Unity/Hub/Editor/2021.3.6f1/Editor/Data/MonoBleedingEdge/etc'
Using monoOptions --debugger-agent=transport=dt_socket,embedding=1,server=y,suspend=n,address=127.0.0.1:56492
Begin MonoManager ReloadAssembly
Registering precompiled unity dll's ...
Register platform support module: C:/Program Files/Unity/Hub/Editor/2021.3.6f1/Editor/Data/PlaybackEngines/AndroidPlayer/UnityEditor.Android.Extensions.dll
Register platform support module: C:/Program Files/Unity/Hub/Editor/2021.3.6f1/Editor/Data/PlaybackEngines/WindowsStandaloneSupport/UnityEditor.WindowsStandalone.Extensions.dll
Registered in 0.023771 seconds.
Native extension for WindowsStandalone target not found
Native extension for Android target not found
Refreshing native plugins compatible for Editor in 130.59 ms, found 3 plugins.
Preloading 0 native plugins for Editor in 0.00 ms.
Mono: successfully reloaded assembly
- Completed reload, in  0.986 seconds
Domain Reload Profiling:
	ReloadAssembly (987ms)
		BeginReloadAssembly (120ms)
			ExecutionOrderSort (0ms)
			DisableScriptedObjects (0ms)
			BackupInstance (0ms)
			ReleaseScriptingObjects (0ms)
			CreateAndSetChildDomain (1ms)
		EndReloadAssembly (685ms)
			LoadAssemblies (116ms)
			RebuildTransferFunctionScriptingTraits (0ms)
			SetupTypeCache (150ms)
			ReleaseScriptCaches (0ms)
			RebuildScriptCaches (40ms)
			SetupLoadedEditorAssemblies (418ms)
				LogAssemblyErrors (0ms)
				InitializePlatformSupportModulesInManaged (82ms)
				SetLoadedEditorAssemblies (0ms)
				RefreshPlugins (131ms)
				BeforeProcessingInitializeOnLoad (2ms)
				ProcessInitializeOnLoadAttributes (135ms)
				ProcessInitializeOnLoadMethodAttributes (68ms)
				AfterProcessingInitializeOnLoad (0ms)
				EditorAssembliesLoaded (0ms)
			ExecutionOrderSort2 (0ms)
			AwakeInstancesAfterBackupRestoration (0ms)
Platform modules already initialized, skipping
Registering precompiled user dll's ...
Registered in 0.006454 seconds.
Begin MonoManager ReloadAssembly
Symbol file LoadedFromMemory doesn't match image G:\Universe in SQL\Library\PackageCache\com.unity.visualscripting@1.7.8\Editor\VisualScripting.Core\Dependencies\YamlDotNet\Unity.VisualScripting.YamlDotNet.dll
Symbol file LoadedFromMemory doesn't match image G:\Universe in SQL\Library\PackageCache\com.unity.visualscripting@1.7.8\Editor\VisualScripting.Core\Dependencies\DotNetZip\Unity.VisualScripting.IonicZip.dll
Native extension for WindowsStandalone target not found
Native extension for Android target not found
Refreshing native plugins compatible for Editor in 0.81 ms, found 3 plugins.
Preloading 0 native plugins for Editor in 0.00 ms.
Mono: successfully reloaded assembly
- Completed reload, in  1.735 seconds
Domain Reload Profiling:
	ReloadAssembly (1736ms)
		BeginReloadAssembly (276ms)
			ExecutionOrderSort (0ms)
			DisableScriptedObjects (9ms)
			BackupInstance (0ms)
			ReleaseScriptingObjects (0ms)
			CreateAndSetChildDomain (131ms)
		EndReloadAssembly (1283ms)
			LoadAssemblies (130ms)
			RebuildTransferFunctionScriptingTraits (0ms)
			SetupTypeCache (377ms)
			ReleaseScriptCaches (1ms)
			RebuildScriptCaches (87ms)
			SetupLoadedEditorAssemblies (616ms)
				LogAssemblyErrors (0ms)
				InitializePlatformSupportModulesInManaged (27ms)
				SetLoadedEditorAssemblies (1ms)
				RefreshPlugins (1ms)
				BeforeProcessingInitializeOnLoad (163ms)
				ProcessInitializeOnLoadAttributes (357ms)
				ProcessInitializeOnLoadMethodAttributes (49ms)
				AfterProcessingInitializeOnLoad (18ms)
				EditorAssembliesLoaded (0ms)
			ExecutionOrderSort2 (0ms)
			AwakeInstancesAfterBackupRestoration (11ms)
Platform modules already initialized, skipping
========================================================================
Worker process is ready to serve import requests
Launched and connected shader compiler UnityShaderCompiler.exe after 0.10 seconds
Refreshing native plugins compatible for Editor in 0.75 ms, found 3 plugins.
Preloading 0 native plugins for Editor in 0.00 ms.
Unloading 3388 Unused Serialized files (Serialized files now loaded: 0)
Unloading 27 unused Assets / (111.0 KB). Loaded Objects now: 3848.
Memory consumption went from 118.4 MB to 118.2 MB.
Total: 4.613700 ms (FindLiveObjects: 0.401100 ms CreateObjectMapping: 0.361600 ms MarkObjects: 3.673700 ms  DeleteObjects: 0.175600 ms)

AssetImportParameters requested are different than current active one (requested -> active):
  custom:video-decoder-ogg-theora: a1e56fd34408186e4bbccfd4996cb3dc -> 
  custom:container-muxer-webm: aa71ff27fc2769a1b78a27578f13a17b -> 
  custom:container-demuxer-webm: 4f35f7cbe854078d1ac9338744f61a02 -> 
  custom:video-encoder-webm-vp8: eb34c28f22e8b96e1ab97ce403110664 -> 
  custom:audio-encoder-webm-vorbis: bf7c407c2cedff20999df2af8eb42d56 -> 
  custom:framework-win-MediaFoundation: 216162199b28c13a410421893ffa2e32 -> 
  custom:container-demuxer-ogg: 62fdf1f143b41e24485cea50d1cbac27 -> 
  custom:video-decoder-webm-vp8: 9c59270c3fd7afecdb556c50c9e8de78 -> 
  custom:audio-decoder-ogg-vorbis: bf7c407c2cedff20999df2af8eb42d56 -> 
========================================================================
Received Import Request.
  Time since last request: 989695.723807 seconds.
  path: Assets/Prefubs/Man.prefab
  artifactKey: Guid(08412c14438f6b9479917a3d28f21616) Importer(815301076,1909f56bfc062723c751e8b465ee728b)
Start importing Assets/Prefubs/Man.prefab using Guid(08412c14438f6b9479917a3d28f21616) Importer(815301076,1909f56bfc062723c751e8b465ee728b)  -> (artifact id: 'ae6b2840d53910313326b685e47bea10') in 0.207749 seconds 
========================================================================
Received Import Request.
  Time since last request: 36.692526 seconds.
  path: Assets/Prefubs/Man.prefab
  artifactKey: Guid(08412c14438f6b9479917a3d28f21616) Importer(815301076,1909f56bfc062723c751e8b465ee728b)
Start importing Assets/Prefubs/Man.prefab using Guid(08412c14438f6b9479917a3d28f21616) Importer(815301076,1909f56bfc062723c751e8b465ee728b)  -> (artifact id: '70cd6cb3d8a9af361932b9926aac511d') in 0.018908 seconds 
========================================================================
Received Import Request.
  Time since last request: 11.543699 seconds.
  path: Assets/Prefubs/Man.prefab
  artifactKey: Guid(08412c14438f6b9479917a3d28f21616) Importer(815301076,1909f56bfc062723c751e8b465ee728b)
Start importing Assets/Prefubs/Man.prefab using Guid(08412c14438f6b9479917a3d28f21616) Importer(815301076,1909f56bfc062723c751e8b465ee728b)  -> (artifact id: '20cd85d28e6f9d133c8f1be18000b0d6') in 0.015804 seconds 
========================================================================
Received Import Request.
  Time since last request: 2.413946 seconds.
  path: Assets/Prefubs/Man.prefab
  artifactKey: Guid(08412c14438f6b9479917a3d28f21616) Importer(815301076,1909f56bfc062723c751e8b465ee728b)
Start importing Assets/Prefubs/Man.prefab using Guid(08412c14438f6b9479917a3d28f21616) Importer(815301076,1909f56bfc062723c751e8b465ee728b)  -> (artifact id: 'daee298180c7d3e749c0539364db1d56') in 0.034900 seconds 
========================================================================
Received Import Request.
  Time since last request: 32.714878 seconds.
  path: Assets/Prefubs/Man.prefab
  artifactKey: Guid(08412c14438f6b9479917a3d28f21616) Importer(815301076,1909f56bfc062723c751e8b465ee728b)
Start importing Assets/Prefubs/Man.prefab using Guid(08412c14438f6b9479917a3d28f21616) Importer(815301076,1909f56bfc062723c751e8b465ee728b)  -> (artifact id: 'a9f3c77b78b3bbfe5e6a9f17f71eb8bf') in 0.012795 seconds 
========================================================================
Received Import Request.
  Time since last request: 1.671743 seconds.
  path: Assets/Prefubs/Man.prefab
  artifactKey: Guid(08412c14438f6b9479917a3d28f21616) Importer(815301076,1909f56bfc062723c751e8b465ee728b)
Start importing Assets/Prefubs/Man.prefab using Guid(08412c14438f6b9479917a3d28f21616) Importer(815301076,1909f56bfc062723c751e8b465ee728b)  -> (artifact id: '60fc4211a1297df281f03bfbf4cb62fc') in 0.012510 seconds 
========================================================================
Received Import Request.
  Time since last request: 12.356514 seconds.
  path: Assets/Prefubs/Man.prefab
  artifactKey: Guid(08412c14438f6b9479917a3d28f21616) Importer(815301076,1909f56bfc062723c751e8b465ee728b)
Start importing Assets/Prefubs/Man.prefab using Guid(08412c14438f6b9479917a3d28f21616) Importer(815301076,1909f56bfc062723c751e8b465ee728b)  -> (artifact id: '4e647609cbf48bbce00144113478869f') in 0.015064 seconds 
========================================================================
Received Import Request.
  Time since last request: 11.688083 seconds.
  path: Assets/Prefubs/Man.prefab
  artifactKey: Guid(08412c14438f6b9479917a3d28f21616) Importer(815301076,1909f56bfc062723c751e8b465ee728b)
Start importing Assets/Prefubs/Man.prefab using Guid(08412c14438f6b9479917a3d28f21616) Importer(815301076,1909f56bfc062723c751e8b465ee728b)  -> (artifact id: '6b0aabdd4c01ff7a4491ee176126713e') in 0.011808 seconds 
========================================================================
Received Import Request.
  Time since last request: 4.107310 seconds.
  path: Assets/Prefubs/Man.prefab
  artifactKey: Guid(08412c14438f6b9479917a3d28f21616) Importer(815301076,1909f56bfc062723c751e8b465ee728b)
Start importing Assets/Prefubs/Man.prefab using Guid(08412c14438f6b9479917a3d28f21616) Importer(815301076,1909f56bfc062723c751e8b465ee728b)  -> (artifact id: '1f3421d8c454d512db132ad13ce44d2e') in 0.020337 seconds 
========================================================================
Received Import Request.
  Time since last request: 1.711887 seconds.
  path: Assets/Prefubs/Man.prefab
  artifactKey: Guid(08412c14438f6b9479917a3d28f21616) Importer(815301076,1909f56bfc062723c751e8b465ee728b)
Start importing Assets/Prefubs/Man.prefab using Guid(08412c14438f6b9479917a3d28f21616) Importer(815301076,1909f56bfc062723c751e8b465ee728b)  -> (artifact id: 'b2bc5bc05133c2ea15b9e8d626bacd5c') in 0.012434 seconds 
========================================================================
Received Import Request.
  Time since last request: 2.682057 seconds.
  path: Assets/Prefubs/Man.prefab
  artifactKey: Guid(08412c14438f6b9479917a3d28f21616) Importer(815301076,1909f56bfc062723c751e8b465ee728b)
Start importing Assets/Prefubs/Man.prefab using Guid(08412c14438f6b9479917a3d28f21616) Importer(815301076,1909f56bfc062723c751e8b465ee728b)  -> (artifact id: 'c0acb9045d73f856131e61055857344d') in 0.015455 seconds 
========================================================================
Received Import Request.
  Time since last request: 6.645035 seconds.
  path: Assets/Prefubs/Man.prefab
  artifactKey: Guid(08412c14438f6b9479917a3d28f21616) Importer(815301076,1909f56bfc062723c751e8b465ee728b)
Start importing Assets/Prefubs/Man.prefab using Guid(08412c14438f6b9479917a3d28f21616) Importer(815301076,1909f56bfc062723c751e8b465ee728b)  -> (artifact id: '884ccbd4c5b07281552615ac180940c4') in 0.011935 seconds 
========================================================================
Received Import Request.
  Time since last request: 23.052587 seconds.
  path: Assets/Prefubs/Man.prefab
  artifactKey: Guid(08412c14438f6b9479917a3d28f21616) Importer(815301076,1909f56bfc062723c751e8b465ee728b)
Start importing Assets/Prefubs/Man.prefab using Guid(08412c14438f6b9479917a3d28f21616) Importer(815301076,1909f56bfc062723c751e8b465ee728b)  -> (artifact id: '8b42a32cc33dbdf5e2d7bc3ffaacf431') in 0.016666 seconds 
========================================================================
Received Import Request.
  Time since last request: 5.837128 seconds.
  path: Assets/Prefubs/Man.prefab
  artifactKey: Guid(08412c14438f6b9479917a3d28f21616) Importer(815301076,1909f56bfc062723c751e8b465ee728b)
Start importing Assets/Prefubs/Man.prefab using Guid(08412c14438f6b9479917a3d28f21616) Importer(815301076,1909f56bfc062723c751e8b465ee728b)  -> (artifact id: '8fec281f5865b7f361cdc230871f009a') in 0.015796 seconds 
========================================================================
Received Import Request.
  Time since last request: 31.864032 seconds.
  path: Assets/Prefubs/Man
  artifactKey: Guid(acb823a6e9111d2499f5c99a77ed233f) Importer(815301076,1909f56bfc062723c751e8b465ee728b)
Start importing Assets/Prefubs/Man using Guid(acb823a6e9111d2499f5c99a77ed233f) Importer(815301076,1909f56bfc062723c751e8b465ee728b)  -> (artifact id: '5e2c7c97057ba730f69420dd022c2952') in 0.002635 seconds 
========================================================================
Received Import Request.
  Time since last request: 17.731805 seconds.
  path: Assets/Prefubs/Man/Red.mat
  artifactKey: Guid(5c3ca025bd99a864f9eaef79b1d15036) Importer(815301076,1909f56bfc062723c751e8b465ee728b)
Start importing Assets/Prefubs/Man/Red.mat using Guid(5c3ca025bd99a864f9eaef79b1d15036) Importer(815301076,1909f56bfc062723c751e8b465ee728b)  -> (artifact id: 'ff716b967ae0c4895e391a40a4ee4462') in 0.046916 seconds 
========================================================================
Received Import Request.
  Time since last request: 6.395966 seconds.
  path: Assets/Prefubs/Man/Green.mat
  artifactKey: Guid(3a9b617c039060745a3e428473319275) Importer(815301076,1909f56bfc062723c751e8b465ee728b)
Start importing Assets/Prefubs/Man/Green.mat using Guid(3a9b617c039060745a3e428473319275) Importer(815301076,1909f56bfc062723c751e8b465ee728b)  -> (artifact id: '2e8081afd1228b4bd0a6668f0abbf2c8') in 0.018125 seconds 
========================================================================
Received Import Request.
  Time since last request: 5.697350 seconds.
  path: Assets/Prefubs/Man/Blue.mat
  artifactKey: Guid(1b4a6f73290318247a842fc3b5b3d36f) Importer(815301076,1909f56bfc062723c751e8b465ee728b)
Start importing Assets/Prefubs/Man/Blue.mat using Guid(1b4a6f73290318247a842fc3b5b3d36f) Importer(815301076,1909f56bfc062723c751e8b465ee728b)  -> (artifact id: '818c4be07435f10d7afae60212d5c817') in 0.019566 seconds 
========================================================================
Received Import Request.
  Time since last request: 22.181480 seconds.
  path: Assets/Prefubs/Man/Man.prefab
  artifactKey: Guid(08412c14438f6b9479917a3d28f21616) Importer(815301076,1909f56bfc062723c751e8b465ee728b)
Start importing Assets/Prefubs/Man/Man.prefab using Guid(08412c14438f6b9479917a3d28f21616) Importer(815301076,1909f56bfc062723c751e8b465ee728b)  -> (artifact id: 'd1898785d68b5183e404ec64932c5dfe') in 0.017613 seconds 
========================================================================
Received Import Request.
  Time since last request: 1.427026 seconds.
  path: Assets/Prefubs/Man/Man.prefab
  artifactKey: Guid(08412c14438f6b9479917a3d28f21616) Importer(815301076,1909f56bfc062723c751e8b465ee728b)
Start importing Assets/Prefubs/Man/Man.prefab using Guid(08412c14438f6b9479917a3d28f21616) Importer(815301076,1909f56bfc062723c751e8b465ee728b)  -> (artifact id: '5d5b71dbd7e605c40beec517685deff5') in 0.045346 seconds 
========================================================================
Received Import Request.
  Time since last request: 1.643892 seconds.
  path: Assets/Prefubs/Man/Man.prefab
  artifactKey: Guid(08412c14438f6b9479917a3d28f21616) Importer(815301076,1909f56bfc062723c751e8b465ee728b)
Start importing Assets/Prefubs/Man/Man.prefab using Guid(08412c14438f6b9479917a3d28f21616) Importer(815301076,1909f56bfc062723c751e8b465ee728b)  -> (artifact id: 'd6da9cd5530c43d1295fcc7f5bd305b8') in 0.016928 seconds 
========================================================================
Received Import Request.
  Time since last request: 1.496091 seconds.
  path: Assets/Prefubs/Man/Man.prefab
  artifactKey: Guid(08412c14438f6b9479917a3d28f21616) Importer(815301076,1909f56bfc062723c751e8b465ee728b)
Start importing Assets/Prefubs/Man/Man.prefab using Guid(08412c14438f6b9479917a3d28f21616) Importer(815301076,1909f56bfc062723c751e8b465ee728b)  -> (artifact id: 'e118e9d654ee488d1713b123f8a6c3df') in 0.017524 seconds 
========================================================================
Received Import Request.
  Time since last request: 1.430216 seconds.
  path: Assets/Prefubs/Man/Man.prefab
  artifactKey: Guid(08412c14438f6b9479917a3d28f21616) Importer(815301076,1909f56bfc062723c751e8b465ee728b)
Start importing Assets/Prefubs/Man/Man.prefab using Guid(08412c14438f6b9479917a3d28f21616) Importer(815301076,1909f56bfc062723c751e8b465ee728b)  -> (artifact id: '6a37b112951319dab656df220c9c48e7') in 0.019204 seconds 
========================================================================
Received Import Request.
  Time since last request: 1.496394 seconds.
  path: Assets/Prefubs/Man/Man.prefab
  artifactKey: Guid(08412c14438f6b9479917a3d28f21616) Importer(815301076,1909f56bfc062723c751e8b465ee728b)
Start importing Assets/Prefubs/Man/Man.prefab using Guid(08412c14438f6b9479917a3d28f21616) Importer(815301076,1909f56bfc062723c751e8b465ee728b)  -> (artifact id: 'de16e52a05aede9205fab749ad6c2f70') in 0.016836 seconds 
========================================================================
Received Import Request.
  Time since last request: 1.633349 seconds.
  path: Assets/Prefubs/Man/Man.prefab
  artifactKey: Guid(08412c14438f6b9479917a3d28f21616) Importer(815301076,1909f56bfc062723c751e8b465ee728b)
Start importing Assets/Prefubs/Man/Man.prefab using Guid(08412c14438f6b9479917a3d28f21616) Importer(815301076,1909f56bfc062723c751e8b465ee728b)  -> (artifact id: 'b2b5048a9decd3a8651d51e9a87dd6d0') in 0.017677 seconds 
========================================================================
Received Import Request.
  Time since last request: 1.472253 seconds.
  path: Assets/Prefubs/Man/Man.prefab
  artifactKey: Guid(08412c14438f6b9479917a3d28f21616) Importer(815301076,1909f56bfc062723c751e8b465ee728b)
Start importing Assets/Prefubs/Man/Man.prefab using Guid(08412c14438f6b9479917a3d28f21616) Importer(815301076,1909f56bfc062723c751e8b465ee728b)  -> (artifact id: '2ca4085b24064771c79bc8974ca6d532') in 0.021213 seconds 
========================================================================
Received Import Request.
  Time since last request: 8.443176 seconds.
  path: Assets/Prefubs/Man/Man.prefab
  artifactKey: Guid(08412c14438f6b9479917a3d28f21616) Importer(815301076,1909f56bfc062723c751e8b465ee728b)
Start importing Assets/Prefubs/Man/Man.prefab using Guid(08412c14438f6b9479917a3d28f21616) Importer(815301076,1909f56bfc062723c751e8b465ee728b)  -> (artifact id: '987ab9cdb0040cc0567eabbd69312111') in 0.023813 seconds 
========================================================================
Received Import Request.
  Time since last request: 6.433066 seconds.
  path: Assets/Prefubs/Man/Man.prefab
  artifactKey: Guid(08412c14438f6b9479917a3d28f21616) Importer(815301076,1909f56bfc062723c751e8b465ee728b)
Start importing Assets/Prefubs/Man/Man.prefab using Guid(08412c14438f6b9479917a3d28f21616) Importer(815301076,1909f56bfc062723c751e8b465ee728b)  -> (artifact id: 'fca05dcd457a4921e5ada4514cdecd4b') in 0.015674 seconds 
========================================================================
Received Import Request.
  Time since last request: 15.327326 seconds.
  path: Assets/Prefubs/Man/Man.prefab
  artifactKey: Guid(08412c14438f6b9479917a3d28f21616) Importer(815301076,1909f56bfc062723c751e8b465ee728b)
Start importing Assets/Prefubs/Man/Man.prefab using Guid(08412c14438f6b9479917a3d28f21616) Importer(815301076,1909f56bfc062723c751e8b465ee728b)  -> (artifact id: '120cac6367ef0f4ce959a974fc6c6ee3') in 0.029738 seconds 
========================================================================
Received Import Request.
  Time since last request: 4.439972 seconds.
  path: Assets/Prefubs/Man/Man.prefab
  artifactKey: Guid(08412c14438f6b9479917a3d28f21616) Importer(815301076,1909f56bfc062723c751e8b465ee728b)
Start importing Assets/Prefubs/Man/Man.prefab using Guid(08412c14438f6b9479917a3d28f21616) Importer(815301076,1909f56bfc062723c751e8b465ee728b)  -> (artifact id: '8ac6b6018b2bc0ac6ffef95a9e09211d') in 0.016442 seconds 
========================================================================
Received Import Request.
  Time since last request: 8.490875 seconds.
  path: Assets/Prefubs/Man/Man.prefab
  artifactKey: Guid(08412c14438f6b9479917a3d28f21616) Importer(815301076,1909f56bfc062723c751e8b465ee728b)
Start importing Assets/Prefubs/Man/Man.prefab using Guid(08412c14438f6b9479917a3d28f21616) Importer(815301076,1909f56bfc062723c751e8b465ee728b)  -> (artifact id: '4c124b8829859b161041aa1211a6c958') in 0.014418 seconds 
========================================================================
Received Import Request.
  Time since last request: 6.918046 seconds.
  path: Assets/Prefubs/Man/Man.prefab
  artifactKey: Guid(08412c14438f6b9479917a3d28f21616) Importer(815301076,1909f56bfc062723c751e8b465ee728b)
Start importing Assets/Prefubs/Man/Man.prefab using Guid(08412c14438f6b9479917a3d28f21616) Importer(815301076,1909f56bfc062723c751e8b465ee728b)  -> (artifact id: 'b40a7b293307acbe015f290798789b1e') in 0.019676 seconds 
========================================================================
Received Import Request.
  Time since last request: 7.467422 seconds.
  path: Assets/Prefubs/Man/Man.prefab
  artifactKey: Guid(08412c14438f6b9479917a3d28f21616) Importer(815301076,1909f56bfc062723c751e8b465ee728b)
Start importing Assets/Prefubs/Man/Man.prefab using Guid(08412c14438f6b9479917a3d28f21616) Importer(815301076,1909f56bfc062723c751e8b465ee728b)  -> (artifact id: 'fc14a243e7c268d98f369fdb5d8bf660') in 0.043021 seconds 
========================================================================
Received Import Request.
  Time since last request: 2677.006172 seconds.
  path: Assets/Learn
  artifactKey: Guid(d9efc96f34d181d4ab9f351db2457d23) Importer(815301076,1909f56bfc062723c751e8b465ee728b)
Start importing Assets/Learn using Guid(d9efc96f34d181d4ab9f351db2457d23) Importer(815301076,1909f56bfc062723c751e8b465ee728b)  -> (artifact id: '51ff110642fd3238b197eca42bec13d5') in 0.009605 seconds 
========================================================================
Received Import Request.
  Time since last request: 0.420320 seconds.
  path: Assets/Learn/Learn
  artifactKey: Guid(3a06e3c2544dff147a510791353af354) Importer(815301076,1909f56bfc062723c751e8b465ee728b)
Start importing Assets/Learn/Learn using Guid(3a06e3c2544dff147a510791353af354) Importer(815301076,1909f56bfc062723c751e8b465ee728b)  -> (artifact id: '8588ecc21865aa4b6e600a4d3fc9587d') in 0.017250 seconds 
========================================================================
Received Import Request.
  Time since last request: 0.058807 seconds.
  path: Assets/Learn/Learn/Blue.mat
  artifactKey: Guid(e09e87584fb10184993bf31983195782) Importer(815301076,1909f56bfc062723c751e8b465ee728b)
Start importing Assets/Learn/Learn/Blue.mat using Guid(e09e87584fb10184993bf31983195782) Importer(815301076,1909f56bfc062723c751e8b465ee728b)  -> (artifact id: '9d6cf770b04584e3af178c595d337280') in 0.025066 seconds 
========================================================================
Received Import Request.
  Time since last request: 0.000022 seconds.
  path: Assets/Learn/Learn/Green.mat
  artifactKey: Guid(ea83093abfad1b849b76159454678d0c) Importer(815301076,1909f56bfc062723c751e8b465ee728b)
Start importing Assets/Learn/Learn/Green.mat using Guid(ea83093abfad1b849b76159454678d0c) Importer(815301076,1909f56bfc062723c751e8b465ee728b)  -> (artifact id: '9a6b5f449bfd8628ea2b79fc79287fe5') in 0.023165 seconds 
========================================================================
Received Import Request.
  Time since last request: 0.000022 seconds.
  path: Assets/Learn/Learn/Red.mat
  artifactKey: Guid(44164c21360af9a488e43ab986623978) Importer(815301076,1909f56bfc062723c751e8b465ee728b)
Start importing Assets/Learn/Learn/Red.mat using Guid(44164c21360af9a488e43ab986623978) Importer(815301076,1909f56bfc062723c751e8b465ee728b)  -> (artifact id: '71be0dee8458f39e740d0c866570f684') in 0.020891 seconds 
========================================================================
Received Import Request.
  Time since last request: 0.000022 seconds.
  path: Assets/Learn/Learn/Hat.fbx
  artifactKey: Guid(c101961fd4b06f142b863abf50a66996) Importer(815301076,1909f56bfc062723c751e8b465ee728b)
Start importing Assets/Learn/Learn/Hat.fbx using Guid(c101961fd4b06f142b863abf50a66996) Importer(815301076,1909f56bfc062723c751e8b465ee728b)  -> (artifact id: 'c0847a468e1c795f09feb273f3370027') in 0.187153 seconds 
========================================================================
Received Import Request.
  Time since last request: 4.018232 seconds.
  path: Assets/Learn/Learn/BotChanger.cs
  artifactKey: Guid(1cd93abfbc7d2d147a1377b62014f7f2) Importer(815301076,1909f56bfc062723c751e8b465ee728b)
Start importing Assets/Learn/Learn/BotChanger.cs using Guid(1cd93abfbc7d2d147a1377b62014f7f2) Importer(815301076,1909f56bfc062723c751e8b465ee728b)  -> (artifact id: '34cfe3f037294483c7d9cbd63c3da585') in 0.017510 seconds 
========================================================================
Received Import Request.
  Time since last request: 4.631716 seconds.
  path: Assets/Learn/Learn/GameLoader.cs
  artifactKey: Guid(1ee752c2e448276488d0e469057f5881) Importer(815301076,1909f56bfc062723c751e8b465ee728b)
Start importing Assets/Learn/Learn/GameLoader.cs using Guid(1ee752c2e448276488d0e469057f5881) Importer(815301076,1909f56bfc062723c751e8b465ee728b)  -> (artifact id: 'a4a1d24cb9190c902fedf52000704cc3') in 0.009832 seconds 
========================================================================
Received Import Request.
  Time since last request: 1.167171 seconds.
  path: Assets/Learn/Learn/SimpleBotController.cs
  artifactKey: Guid(b7bb9a1a7d9007243847a25a23b74db8) Importer(815301076,1909f56bfc062723c751e8b465ee728b)
Start importing Assets/Learn/Learn/SimpleBotController.cs using Guid(b7bb9a1a7d9007243847a25a23b74db8) Importer(815301076,1909f56bfc062723c751e8b465ee728b)  -> (artifact id: '2ddecc0062920138ac606aee2b93b205') in 0.008125 seconds 
